<?xml version="1.0" encoding="UTF-8"?>
<!-- Generated by org.testng.reporters.JUnitReportReporter -->
<testsuite hostname="DESKTOP-2ME5TGU" failures="0" tests="3" name="tests.ContactTest" time="50.562" errors="0" timestamp="2026-02-13T10:45:39 IST" skipped="0">
  <testcase classname="tests.ContactTest" name="verifySocialLinksClickable" time="25.243"/>
  <testcase classname="tests.ContactTest" name="verifyContactFormSubmission" time="17.470"/>
  <testcase classname="tests.ContactTest" name="verifyEmptyFormValidation" time="7.849"/>
</testsuite> <!-- tests.ContactTest -->
